[2022-11-08 11:09:37,238] INFO Starting the log cleaner (kafka.log.LogCleaner)
[2022-11-08 11:09:37,311] INFO [kafka-log-cleaner-thread-0]: Starting (kafka.log.LogCleaner)
[2022-11-08 12:03:34,359] INFO Starting the log cleaner (kafka.log.LogCleaner)
[2022-11-08 12:03:34,440] INFO [kafka-log-cleaner-thread-0]: Starting (kafka.log.LogCleaner)
[2022-11-08 12:05:01,750] INFO Starting the log cleaner (kafka.log.LogCleaner)
[2022-11-08 12:05:01,819] INFO [kafka-log-cleaner-thread-0]: Starting (kafka.log.LogCleaner)
[2022-11-08 12:07:59,194] INFO Starting the log cleaner (kafka.log.LogCleaner)
[2022-11-08 12:07:59,278] INFO [kafka-log-cleaner-thread-0]: Starting (kafka.log.LogCleaner)
[2022-11-08 12:27:24,871] INFO Starting the log cleaner (kafka.log.LogCleaner)
[2022-11-08 12:27:24,941] INFO [kafka-log-cleaner-thread-0]: Starting (kafka.log.LogCleaner)
[2022-11-08 14:41:49,200] INFO Shutting down the log cleaner. (kafka.log.LogCleaner)
[2022-11-08 14:41:49,201] INFO [kafka-log-cleaner-thread-0]: Shutting down (kafka.log.LogCleaner)
[2022-11-08 14:41:49,202] INFO [kafka-log-cleaner-thread-0]: Stopped (kafka.log.LogCleaner)
[2022-11-08 14:41:49,202] INFO [kafka-log-cleaner-thread-0]: Shutdown completed (kafka.log.LogCleaner)
[2022-11-08 15:59:52,407] INFO Starting the log cleaner (kafka.log.LogCleaner)
[2022-11-08 15:59:52,478] INFO [kafka-log-cleaner-thread-0]: Starting (kafka.log.LogCleaner)
[2022-11-08 16:00:42,348] INFO Shutting down the log cleaner. (kafka.log.LogCleaner)
[2022-11-08 16:00:42,349] INFO [kafka-log-cleaner-thread-0]: Shutting down (kafka.log.LogCleaner)
[2022-11-08 16:00:42,350] INFO [kafka-log-cleaner-thread-0]: Stopped (kafka.log.LogCleaner)
[2022-11-08 16:00:42,350] INFO [kafka-log-cleaner-thread-0]: Shutdown completed (kafka.log.LogCleaner)
[2022-11-08 16:01:08,618] INFO Starting the log cleaner (kafka.log.LogCleaner)
[2022-11-08 16:01:08,687] INFO [kafka-log-cleaner-thread-0]: Starting (kafka.log.LogCleaner)
[2022-11-08 16:02:50,761] INFO Starting the log cleaner (kafka.log.LogCleaner)
[2022-11-08 16:02:50,832] INFO [kafka-log-cleaner-thread-0]: Starting (kafka.log.LogCleaner)
[2022-11-08 16:12:41,351] INFO Shutting down the log cleaner. (kafka.log.LogCleaner)
[2022-11-08 16:12:41,352] INFO [kafka-log-cleaner-thread-0]: Shutting down (kafka.log.LogCleaner)
[2022-11-08 16:12:41,353] INFO [kafka-log-cleaner-thread-0]: Stopped (kafka.log.LogCleaner)
[2022-11-08 16:12:41,353] INFO [kafka-log-cleaner-thread-0]: Shutdown completed (kafka.log.LogCleaner)
